Flutter crash report.
Please report a bug at https://github.com/flutter/flutter/issues.

## command

flutter --no-color attach --machine --device-id=emulator-5554 lib\main.dart

## exception

StateError: Bad state: Future already completed

```
#0      _AsyncCompleter.complete (dart:async/future_impl.dart:43:31)
#1      FlutterDevice.connect.<anonymous closure> (package:flutter_tools/src/resident_runner.dart:251:17)
<asynchronous suspension>
#2      FlutterDevice.connect.<anonymous closure> (package:flutter_tools/src/resident_runner.dart)
#3      _rootRunUnary (dart:async/zone.dart:1198:47)
#4      _CustomZone.runUnary (dart:async/zone.dart:1100:19)
#5      _CustomZone.runUnaryGuarded (dart:async/zone.dart:1005:7)
#6      _BufferingStreamSubscription._sendData (dart:async/stream_impl.dart:357:11)
#7      _BufferingStreamSubscription._add (dart:async/stream_impl.dart:285:7)
#8      _SyncBroadcastStreamController._sendData (dart:async/broadcast_stream_controller.dart:385:25)
#9      _BroadcastStreamController.add (dart:async/broadcast_stream_controller.dart:250:5)
#10     Stream.asyncMap.<anonymous closure>.add (dart:async/stream.dart:580:20)
#11     _rootRunUnary (dart:async/zone.dart:1198:47)
#12     _CustomZone.runUnary (dart:async/zone.dart:1100:19)
#13     _FutureListener.handleValue (dart:async/future_impl.dart:143:18)
#14     Future._propagateToListeners.handleValueCallback (dart:async/future_impl.dart:696:45)
#15     Future._propagateToListeners (dart:async/future_impl.dart:725:32)
#16     Future._completeWithValue (dart:async/future_impl.dart:529:5)
#17     _AsyncAwaitCompleter.complete (dart:async-patch/async_patch.dart:40:15)
#18     _completeOnAsyncReturn (dart:async-patch/async_patch.dart:311:13)
#19     ProtocolDiscovery._forwardPort (package:flutter_tools/src/protocol_discovery.dart)
<asynchronous suspension>
#20     Stream.asyncMap.<anonymous closure>.<anonymous closure> (dart:async/stream.dart:588:29)
#21     _rootRunUnary (dart:async/zone.dart:1198:47)
#22     _CustomZone.runUnary (dart:async/zone.dart:1100:19)
#23     _CustomZone.runUnaryGuarded (dart:async/zone.dart:1005:7)
#24     _BufferingStreamSubscription._sendData (dart:async/stream_impl.dart:357:11)
#25     _BufferingStreamSubscription._add (dart:async/stream_impl.dart:285:7)
#26     _SinkTransformerStreamSubscription._add (dart:async/stream_transformers.dart:69:11)
#27     _EventSinkWrapper.add (dart:async/stream_transformers.dart:15:11)
#28     _throttle.<anonymous closure>.<anonymous closure> (package:flutter_tools/src/protocol_discovery.dart:239:18)
#29     _rootRun (dart:async/zone.dart:1182:47)
#30     _CustomZone.run (dart:async/zone.dart:1093:19)
#31     _FutureListener.handleWhenComplete (dart:async/future_impl.dart:167:18)
#32     Future._propagateToListeners.handleWhenCompleteCallback (dart:async/future_impl.dart:666:39)
#33     Future._propagateToListeners (dart:async/future_impl.dart:722:37)
#34     Future._complete (dart:async/future_impl.dart:519:7)
#35     new Future.delayed.<anonymous closure> (dart:async/future.dart:323:16)
#36     _rootRun (dart:async/zone.dart:1182:47)
#37     _CustomZone.run (dart:async/zone.dart:1093:19)
#38     _CustomZone.runGuarded (dart:async/zone.dart:997:7)
#39     _CustomZone.bindCallbackGuarded.<anonymous closure> (dart:async/zone.dart:1037:23)
#40     _rootRun (dart:async/zone.dart:1190:13)
#41     _CustomZone.run (dart:async/zone.dart:1093:19)
#42     _CustomZone.bindCallback.<anonymous closure> (dart:async/zone.dart:1021:23)
#43     Timer._createTimer.<anonymous closure> (dart:async-patch/timer_patch.dart:18:15)
#44     _Timer._runTimers (dart:isolate-patch/timer_impl.dart:397:19)
#45     _Timer._handleMessage (dart:isolate-patch/timer_impl.dart:428:5)
#46     _RawReceivePortImpl._handleMessage (dart:isolate-patch/isolate_patch.dart:168:12)
```

## flutter doctor

```
[✓] Flutter (Channel stable, 1.22.5, on Microsoft Windows [Version 10.0.19042.685], locale tr-TR)
    • Flutter version 1.22.5 at C:\src\flutter
    • Framework revision 7891006299 (4 weeks ago), 2020-12-10 11:54:40 -0800
    • Engine revision ae90085a84
    • Dart version 2.10.4

[✓] Android toolchain - develop for Android devices (Android SDK version 30.0.2)
    • Android SDK at C:/Users/HASAN/AppData/Local/Android/Sdk
    • Platform android-30, build-tools 30.0.2
    • ANDROID_HOME = C:/Users/HASAN/AppData/Local/Android/Sdk
    • Java binary at: C:\Program Files\Android\Android Studio\jre\bin\java
    • Java version OpenJDK Runtime Environment (build 1.8.0_242-release-1644-b01)
    • All Android licenses accepted.

[!] Android Studio (version 4.1.0)
    • Android Studio at C:\Program Files\Android\Android Studio
    ✗ Flutter plugin not installed; this adds Flutter specific functionality.
    ✗ Dart plugin not installed; this adds Dart specific functionality.
    • Java version OpenJDK Runtime Environment (build 1.8.0_242-release-1644-b01)

[✓] VS Code (version 1.52.1)
    • VS Code at C:\Users\HASAN\AppData\Local\Programs\Microsoft VS Code
    • Flutter extension version 3.18.0

[✓] Connected device (1 available)
    • sdk gphone x86 64 (mobile) • emulator-5554 • android-x64 • Android 11 (API 30) (emulator)

! Doctor found issues in 1 category.
```
